0 info it worked if it ends with ok
1 verbose cli [ '/usr/bin/node', '/usr/bin/npm', 'ls', '--depth', '0', '--json' ]
2 info using npm@3.5.2
3 info using node@v8.10.0
4 error peer dep missing: react@^0.14.0 || ^15.0.0, required by react-no-ssr@1.1.0
4 error extraneous: chai@4.2.0 /home/davidj/git-workspace/geoplanets/node_modules/iltorb/node_modules/chai
4 error extraneous: mocha@3.5.3 /home/davidj/git-workspace/geoplanets/node_modules/iltorb/node_modules/mocha
4 error extraneous: prebuild@6.2.2 /home/davidj/git-workspace/geoplanets/node_modules/iltorb/node_modules/prebuild
4 error extraneous: prebuild-ci@2.2.3 /home/davidj/git-workspace/geoplanets/node_modules/iltorb/node_modules/prebuild-ci
5 verbose exit [ 1, true ]
6 verbose stack Error: write EPIPE
6 verbose stack     at _errnoException (util.js:1022:11)
6 verbose stack     at WriteWrap.afterWrite [as oncomplete] (net.js:880:14)
7 verbose cwd /home/davidj/git-workspace/geoplanets
8 error Linux 4.15.0-43-generic
9 error argv "/usr/bin/node" "/usr/bin/npm" "ls" "--depth" "0" "--json"
10 error node v8.10.0
11 error npm  v3.5.2
12 error code EPIPE
13 error errno EPIPE
14 error syscall write
15 error write EPIPE
16 error If you need help, you may report this error at:
16 error     <https://github.com/npm/npm/issues>
17 verbose exit [ 1, true ]
